#
# There is insufficient memory for the Java Runtime Environment to continue.
# Native memory allocation (mmap) failed to map 117440512 bytes for G1 virtual space
# Possible reasons:
#   The system is out of physical RAM or swap space
#   The process is running with CompressedOops enabled, and the Java Heap may be blocking the growth of the native heap
# Possible solutions:
#   Reduce memory load on the system
#   Increase physical memory or swap space
#   Check if swap backing store is full
#   Decrease Java heap size (-Xmx/-Xms)
#   Decrease number of Java threads
#   Decrease Java thread stack sizes (-Xss)
#   Set larger code cache with -XX:ReservedCodeCacheSize=
#   JVM is running with Unscaled Compressed Oops mode in which the Java heap is
#     placed in the first 4GB address space. The Java Heap base address is the
#     maximum limit for the native heap growth. Please use -XX:HeapBaseMinAddress
#     to set the Java Heap base and to place the Java Heap above 4GB virtual address.
# This output file may be truncated or incomplete.
#
#  Out of Memory Error (./open/src/hotspot/os/windows/os_windows.cpp:3472), pid=10280, tid=19948
#
# JRE version: OpenJDK Runtime Environment (15.0.1+9) (build 15.0.1+9-18)
# Java VM: OpenJDK 64-Bit Server VM (15.0.1+9-18, mixed mode, tiered, compressed oops, g1 gc, windows-amd64)
# No core dump will be written. Minidumps are not enabled by default on client versions of Windows
#

---------------  S U M M A R Y ------------

Command Line: -Dfile.encoding=UTF-8 -XX:+ShowCodeDetailsInExceptionMessages it.polito.tdp.spellchecker.model.TestSpell

Host: AMD Ryzen 3 2200U with Radeon Vega Mobile Gfx  , 4 cores, 6G,  Windows 10 , 64 bit Build 19041 (10.0.19041.804)
Time: Wed Mar 24 10:55:37 2021 ora solare GMT elapsed time: 2.810847 seconds (0d 0h 0m 2s)

---------------  T H R E A D  ---------------

Current thread (0x00000264f833b960):  VMThread "VM Thread" [stack: 0x0000007391a00000,0x0000007391b00000] [id=19948]

Stack: [0x0000007391a00000,0x0000007391b00000]
[error occurred during error reporting (printing stack bounds), id 0xc0000005, EXCEPTION_ACCESS_VIOLATION (0xc0000005) at pc=0x00000264800010ad]

Native frames: (J=compiled Java code, j=interpreted, Vv=VM code, C=native code)
V  [jvm.dll+0x62ae9a]
V  [jvm.dll+0x781389]
V  [jvm.dll+0x782ae3]
V  [jvm.dll+0x7830a5]
V  [jvm.dll+0x78305b]
V  [jvm.dll+0x62a2b9]
V  [jvm.dll+0x62aa88]
C  [ntdll.dll+0xa1f6f]
C  [ntdll.dll+0x51454]
C  [ntdll.dll+0xa0a9e]
C  0x00000264800010ad

VM_Operation (0x00000073914fdbb0): G1CollectForAllocation, mode: safepoint, requested by thread 0x00000264ee2614b0


---------------  P R O C E S S  ---------------

Threads class SMR info:
_java_thread_list=0x00000264f8e72870, length=11, elements={
0x00000264ee2614b0, 0x00000264f8372410, 0x00000264f8373660, 0x00000264f838b020,
0x00000264f838d8f0, 0x00000264f838e1b0, 0x00000264f8cc15b0, 0x00000264f8d2f560,
0x00000264f8d3c620, 0x00000264f8e23090, 0x00000264f8e6b900
}

Java Threads: ( => current thread )
  0x00000264ee2614b0 JavaThread "main" [_thread_blocked, id=14420, stack(0x0000007391400000,0x0000007391500000)]
  0x00000264f8372410 JavaThread "Reference Handler" daemon [_thread_blocked, id=19668, stack(0x0000007391b00000,0x0000007391c00000)]
  0x00000264f8373660 JavaThread "Finalizer" daemon [_thread_blocked, id=14908, stack(0x0000007391c00000,0x0000007391d00000)]
  0x00000264f838b020 JavaThread "Signal Dispatcher" daemon [_thread_blocked, id=20032, stack(0x0000007391d00000,0x0000007391e00000)]
  0x00000264f838d8f0 JavaThread "Attach Listener" daemon [_thread_blocked, id=11604, stack(0x0000007391e00000,0x0000007391f00000)]
  0x00000264f838e1b0 JavaThread "Service Thread" daemon [_thread_blocked, id=10368, stack(0x0000007391f00000,0x0000007392000000)]
  0x00000264f8cc15b0 JavaThread "C2 CompilerThread0" daemon [_thread_blocked, id=8084, stack(0x0000007392000000,0x0000007392100000)]
  0x00000264f8d2f560 JavaThread "C1 CompilerThread0" daemon [_thread_blocked, id=16408, stack(0x0000007392100000,0x0000007392200000)]
  0x00000264f8d3c620 JavaThread "Sweeper thread" daemon [_thread_blocked, id=7376, stack(0x0000007392200000,0x0000007392300000)]
  0x00000264f8e23090 JavaThread "Notification Thread" daemon [_thread_blocked, id=10884, stack(0x0000007392300000,0x0000007392400000)]
  0x00000264f8e6b900 JavaThread "Common-Cleaner" daemon [_thread_blocked, id=17440, stack(0x0000007392500000,0x0000007392600000)]

Other Threads:
=>0x00000264f833b960 VMThread "VM Thread" [stack: 0x0000007391a00000,0x0000007391b00000] [id=19948]
  0x00000264f8e29190 WatcherThread [stack: 0x0000007392400000,0x0000007392500000] [id=20408]
  0x00000264ee29c2b0 GCTaskThread "GC Thread#0" [stack: 0x0000007391500000,0x0000007391600000] [id=9904]
  0x00000264f90177e0 GCTaskThread "GC Thread#1" [stack: 0x0000007392600000,0x0000007392700000] [id=15200]
  0x00000264ee2ac210 ConcurrentGCThread "G1 Main Marker" [stack: 0x0000007391600000,0x0000007391700000] [id=13588]
  0x00000264ee2ae6f0 ConcurrentGCThread "G1 Conc#0" [stack: 0x0000007391700000,0x0000007391800000] [id=3960]
  0x00000264ee313a10 ConcurrentGCThread "G1 Refine#0" [stack: 0x0000007391800000,0x0000007391900000] [id=2804]
  0x00000264ee314610 ConcurrentGCThread "G1 Young RemSet Sampling" [stack: 0x0000007391900000,0x0000007391a00000] [id=9432]

Threads with active compile tasks:

VM state: at safepoint (normal execution)

VM Mutex/Monitor currently owned by a thread:  ([mutex/lock_event])
[0x00000264ee25c980] Threads_lock - owner thread: 0x00000264f833b960
[0x00000264ee25bb70] Heap_lock - owner thread: 0x00000264ee2614b0

Heap address: 0x0000000091800000, size: 1768 MB, Compressed Oops mode: 32-bit
CDS disabled.
Compressed class space mapped at: 0x0000000100000000-0x0000000140000000, size: 1073741824
Narrow klass base: 0x0000000000000000, Narrow klass shift: 3, Narrow klass range: 0x140000000

GC Precious Log:
 CPUs: 4 total, 4 available
 Memory: 7068M
 Large Page Support: Disabled
 NUMA Support: Disabled
 Compressed Oops: Enabled (32-bit)
 Heap Region Size: 1M
 Heap Min Capacity: 8M
 Heap Initial Capacity: 112M
 Heap Max Capacity: 1768M
 Pre-touch: Disabled
 Parallel Workers: 4
 Concurrent Workers: 1
 Concurrent Refinement Workers: 4
 Periodic GC: Disabled

Heap:
 garbage-first heap   total 229376K, used 64000K [0x0000000091800000, 0x0000000100000000)
  region size 1024K, 3 young (3072K), 3 survivors (3072K)
 Metaspace       used 3908K, capacity 4494K, committed 4864K, reserved 1056768K
  class space    used 320K, capacity 386K, committed 512K, reserved 1048576K

Heap Regions: E=young(eden), S=young(survivor), O=old, HS=humongous(starts), HC=humongous(continues), CS=collection set, F=free, OA=open archive, CA=closed archive, TAMS=top-at-mark-start (previous, next)
|   0|0x0000000091800000, 0x0000000091900000, 0x0000000091900000|100%| O|  |TAMS 0x0000000091800000, 0x0000000091800000| Untracked 
|   1|0x0000000091900000, 0x0000000091a00000, 0x0000000091a00000|100%| O|  |TAMS 0x0000000091900000, 0x0000000091900000| Untracked 
|   2|0x0000000091a00000, 0x0000000091b00000, 0x0000000091b00000|100%| O|  |TAMS 0x0000000091a00000, 0x0000000091a00000| Untracked 
|   3|0x0000000091b00000, 0x0000000091c00000, 0x0000000091c00000|100%| O|  |TAMS 0x0000000091b00000, 0x0000000091b00000| Untracked 
|   4|0x0000000091c00000, 0x0000000091d00000, 0x0000000091d00000|100%| O|  |TAMS 0x0000000091c00000, 0x0000000091c00000| Untracked 
|   5|0x0000000091d00000, 0x0000000091e00000, 0x0000000091e00000|100%| O|  |TAMS 0x0000000091d00000, 0x0000000091d00000| Untracked 
|   6|0x0000000091e00000, 0x0000000091f00000, 0x0000000091f00000|100%| O|  |TAMS 0x0000000091e00000, 0x0000000091e00000| Untracked 
|   7|0x0000000091f00000, 0x0000000092000000, 0x0000000092000000|100%| O|  |TAMS 0x0000000091f00000, 0x0000000091f00000| Untracked 
|   8|0x0000000092000000, 0x0000000092100000, 0x0000000092100000|100%| O|  |TAMS 0x0000000092000000, 0x0000000092000000| Untracked 
|   9|0x0000000092100000, 0x0000000092200000, 0x0000000092200000|100%| O|  |TAMS 0x0000000092100000, 0x0000000092100000| Untracked 
|  10|0x0000000092200000, 0x0000000092300000, 0x0000000092300000|100%| O|  |TAMS 0x0000000092200000, 0x0000000092200000| Untracked 
|  11|0x0000000092300000, 0x0000000092400000, 0x0000000092400000|100%| O|  |TAMS 0x0000000092300000, 0x0000000092300000| Untracked 
|  12|0x0000000092400000, 0x0000000092500000, 0x0000000092500000|100%| O|  |TAMS 0x0000000092400000, 0x0000000092400000| Untracked 
|  13|0x0000000092500000, 0x0000000092600000, 0x0000000092600000|100%| O|  |TAMS 0x0000000092500000, 0x0000000092500000| Untracked 
|  14|0x0000000092600000, 0x0000000092700000, 0x0000000092700000|100%| O|  |TAMS 0x0000000092600000, 0x0000000092600000| Untracked 
|  15|0x0000000092700000, 0x0000000092800000, 0x0000000092800000|100%| O|  |TAMS 0x0000000092700000, 0x0000000092700000| Untracked 
|  16|0x0000000092800000, 0x0000000092900000, 0x0000000092900000|100%| O|  |TAMS 0x0000000092800000, 0x0000000092800000| Untracked 
|  17|0x0000000092900000, 0x0000000092a00000, 0x0000000092a00000|100%| O|  |TAMS 0x0000000092900000, 0x0000000092900000| Untracked 
|  18|0x0000000092a00000, 0x0000000092b00000, 0x0000000092b00000|100%| O|  |TAMS 0x0000000092a00000, 0x0000000092a00000| Untracked 
|  19|0x0000000092b00000, 0x0000000092c00000, 0x0000000092c00000|100%| O|  |TAMS 0x0000000092b00000, 0x0000000092b00000| Untracked 
|  20|0x0000000092c00000, 0x0000000092d00000, 0x0000000092d00000|100%| O|  |TAMS 0x0000000092c00000, 0x0000000092c00000| Untracked 
|  21|0x0000000092d00000, 0x0000000092e00000, 0x0000000092e00000|100%| O|  |TAMS 0x0000000092d00000, 0x0000000092d00000| Untracked 
|  22|0x0000000092e00000, 0x0000000092f00000, 0x0000000092f00000|100%| O|  |TAMS 0x0000000092e00000, 0x0000000092e00000| Untracked 
|  23|0x0000000092f00000, 0x0000000093000000, 0x0000000093000000|100%| O|  |TAMS 0x0000000092f00000, 0x0000000092f00000| Untracked 
|  24|0x0000000093000000, 0x0000000093100000, 0x0000000093100000|100%| O|  |TAMS 0x0000000093000000, 0x0000000093000000| Untracked 
|  25|0x0000000093100000, 0x0000000093200000, 0x0000000093200000|100%| O|  |TAMS 0x0000000093100000, 0x0000000093100000| Untracked 
|  26|0x0000000093200000, 0x0000000093300000, 0x0000000093300000|100%| O|  |TAMS 0x0000000093200000, 0x0000000093200000| Untracked 
|  27|0x0000000093300000, 0x0000000093400000, 0x0000000093400000|100%| O|  |TAMS 0x0000000093300000, 0x0000000093300000| Untracked 
|  28|0x0000000093400000, 0x0000000093500000, 0x0000000093500000|100%| O|  |TAMS 0x0000000093400000, 0x0000000093400000| Untracked 
|  29|0x0000000093500000, 0x0000000093600000, 0x0000000093600000|100%| O|  |TAMS 0x0000000093500000, 0x0000000093500000| Untracked 
|  30|0x0000000093600000, 0x0000000093700000, 0x0000000093700000|100%| O|  |TAMS 0x0000000093600000, 0x0000000093600000| Untracked 
|  31|0x0000000093700000, 0x0000000093800000, 0x0000000093800000|100%| O|  |TAMS 0x0000000093700000, 0x0000000093700000| Untracked 
|  32|0x0000000093800000, 0x0000000093900000, 0x0000000093900000|100%| O|  |TAMS 0x0000000093800000, 0x0000000093800000| Untracked 
|  33|0x0000000093900000, 0x0000000093a00000, 0x0000000093a00000|100%| O|  |TAMS 0x0000000093900000, 0x0000000093900000| Untracked 
|  34|0x0000000093a00000, 0x0000000093b00000, 0x0000000093b00000|100%| O|  |TAMS 0x0000000093a00000, 0x0000000093a00000| Untracked 
|  35|0x0000000093b00000, 0x0000000093c00000, 0x0000000093c00000|100%| O|  |TAMS 0x0000000093b00000, 0x0000000093b00000| Untracked 
|  36|0x0000000093c00000, 0x0000000093d00000, 0x0000000093d00000|100%| O|  |TAMS 0x0000000093c00000, 0x0000000093c00000| Untracked 
|  37|0x0000000093d00000, 0x0000000093e00000, 0x0000000093e00000|100%| O|  |TAMS 0x0000000093d00000, 0x0000000093d00000| Untracked 
|  38|0x0000000093e00000, 0x0000000093f00000, 0x0000000093f00000|100%| O|  |TAMS 0x0000000093e00000, 0x0000000093e00000| Untracked 
|  39|0x0000000093f00000, 0x0000000094000000, 0x0000000094000000|100%| O|  |TAMS 0x0000000093f00000, 0x0000000093f00000| Untracked 
|  40|0x0000000094000000, 0x0000000094100000, 0x0000000094100000|100%| O|  |TAMS 0x0000000094000000, 0x0000000094000000| Untracked 
|  41|0x0000000094100000, 0x0000000094200000, 0x0000000094200000|100%| O|  |TAMS 0x0000000094100000, 0x0000000094100000| Untracked 
|  42|0x0000000094200000, 0x0000000094300000, 0x0000000094300000|100%| O|  |TAMS 0x0000000094200000, 0x0000000094200000| Untracked 
|  43|0x0000000094300000, 0x0000000094400000, 0x0000000094400000|100%| O|  |TAMS 0x0000000094300000, 0x0000000094300000| Untracked 
|  44|0x0000000094400000, 0x0000000094500000, 0x0000000094500000|100%| O|  |TAMS 0x0000000094400000, 0x0000000094400000| Untracked 
|  45|0x0000000094500000, 0x0000000094600000, 0x0000000094600000|100%| O|  |TAMS 0x0000000094500000, 0x0000000094500000| Untracked 
|  46|0x0000000094600000, 0x0000000094700000, 0x0000000094700000|100%| O|  |TAMS 0x0000000094600000, 0x0000000094600000| Untracked 
|  47|0x0000000094700000, 0x0000000094800000, 0x0000000094800000|100%| O|  |TAMS 0x0000000094700000, 0x0000000094700000| Untracked 
|  48|0x0000000094800000, 0x0000000094900000, 0x0000000094900000|100%| O|  |TAMS 0x0000000094800000, 0x0000000094800000| Untracked 
|  49|0x0000000094900000, 0x0000000094a00000, 0x0000000094a00000|100%| O|  |TAMS 0x0000000094900000, 0x0000000094900000| Untracked 
|  50|0x0000000094a00000, 0x0000000094b00000, 0x0000000094b00000|100%| O|  |TAMS 0x0000000094a00000, 0x0000000094a00000| Untracked 
|  51|0x0000000094b00000, 0x0000000094c00000, 0x0000000094c00000|100%| O|  |TAMS 0x0000000094b00000, 0x0000000094b00000| Untracked 
|  52|0x0000000094c00000, 0x0000000094d00000, 0x0000000094d00000|100%| O|  |TAMS 0x0000000094c00000, 0x0000000094c00000| Untracked 
|  53|0x0000000094d00000, 0x0000000094e00000, 0x0000000094e00000|100%| O|  |TAMS 0x0000000094d00000, 0x0000000094d00000| Untracked 
|  54|0x0000000094e00000, 0x0000000094f00000, 0x0000000094f00000|100%| O|  |TAMS 0x0000000094e00000, 0x0000000094e00000| Untracked 
|  55|0x0000000094f00000, 0x0000000095000000, 0x0000000095000000|100%| O|  |TAMS 0x0000000094f00000, 0x0000000094f00000| Untracked 
|  56|0x0000000095000000, 0x0000000095100000, 0x0000000095100000|100%| O|  |TAMS 0x0000000095000000, 0x0000000095000000| Untracked 
|  57|0x0000000095100000, 0x0000000095200000, 0x0000000095200000|100%| O|  |TAMS 0x0000000095100000, 0x0000000095100000| Untracked 
|  58|0x0000000095200000, 0x0000000095300000, 0x0000000095300000|100%| O|  |TAMS 0x0000000095200000, 0x0000000095200000| Untracked 
|  59|0x0000000095300000, 0x0000000095380000, 0x0000000095400000| 50%| O|  |TAMS 0x0000000095300000, 0x0000000095300000| Untracked 
|  60|0x0000000095400000, 0x0000000095400000, 0x0000000095500000|  0%| F|  |TAMS 0x0000000095400000, 0x0000000095400000| Untracked 
|  61|0x0000000095500000, 0x0000000095500000, 0x0000000095600000|  0%| F|  |TAMS 0x0000000095500000, 0x0000000095500000| Untracked 
|  62|0x0000000095600000, 0x0000000095600000, 0x0000000095700000|  0%| F|  |TAMS 0x0000000095600000, 0x0000000095600000| Untracked 
|  63|0x0000000095700000, 0x0000000095700000, 0x0000000095800000|  0%| F|  |TAMS 0x0000000095700000, 0x0000000095700000| Untracked 
|  64|0x0000000095800000, 0x0000000095800000, 0x0000000095900000|  0%| F|  |TAMS 0x0000000095800000, 0x0000000095800000| Untracked 
|  65|0x0000000095900000, 0x0000000095900000, 0x0000000095a00000|  0%| F|  |TAMS 0x0000000095900000, 0x0000000095900000| Untracked 
|  66|0x0000000095a00000, 0x0000000095a00000, 0x0000000095b00000|  0%| F|  |TAMS 0x0000000095a00000, 0x0000000095a00000| Untracked 
|  67|0x0000000095b00000, 0x0000000095b00000, 0x0000000095c00000|  0%| F|  |TAMS 0x0000000095b00000, 0x0000000095b00000| Untracked 
|  68|0x0000000095c00000, 0x0000000095c00000, 0x0000000095d00000|  0%| F|  |TAMS 0x0000000095c00000, 0x0000000095c00000| Untracked 
|  69|0x0000000095d00000, 0x0000000095d00000, 0x0000000095e00000|  0%| F|  |TAMS 0x0000000095d00000, 0x0000000095d00000| Untracked 
|  70|0x0000000095e00000, 0x0000000095e00000, 0x0000000095f00000|  0%| F|  |TAMS 0x0000000095e00000, 0x0000000095e00000| Untracked 
|  71|0x0000000095f00000, 0x0000000095f00000, 0x0000000096000000|  0%| F|  |TAMS 0x0000000095f00000, 0x0000000095f00000| Untracked 
|  72|0x0000000096000000, 0x0000000096000000, 0x0000000096100000|  0%| F|  |TAMS 0x0000000096000000, 0x0000000096000000| Untracked 
|  73|0x0000000096100000, 0x0000000096100000, 0x0000000096200000|  0%| F|  |TAMS 0x0000000096100000, 0x0000000096100000| Untracked 
|  74|0x0000000096200000, 0x0000000096200000, 0x0000000096300000|  0%| F|  |TAMS 0x0000000096200000, 0x0000000096200000| Untracked 
|  75|0x0000000096300000, 0x0000000096300000, 0x0000000096400000|  0%| F|  |TAMS 0x0000000096300000, 0x0000000096300000| Untracked 
|  76|0x0000000096400000, 0x0000000096400000, 0x0000000096500000|  0%| F|  |TAMS 0x0000000096400000, 0x0000000096400000| Untracked 
|  77|0x0000000096500000, 0x0000000096500000, 0x0000000096600000|  0%| F|  |TAMS 0x0000000096500000, 0x0000000096500000| Untracked 
|  78|0x0000000096600000, 0x0000000096600000, 0x0000000096700000|  0%| F|  |TAMS 0x0000000096600000, 0x0000000096600000| Untracked 
|  79|0x0000000096700000, 0x0000000096700000, 0x0000000096800000|  0%| F|  |TAMS 0x0000000096700000, 0x0000000096700000| Untracked 
|  80|0x0000000096800000, 0x0000000096800000, 0x0000000096900000|  0%| F|  |TAMS 0x0000000096800000, 0x0000000096800000| Untracked 
|  81|0x0000000096900000, 0x0000000096900000, 0x0000000096a00000|  0%| F|  |TAMS 0x0000000096900000, 0x0000000096900000| Untracked 
|  82|0x0000000096a00000, 0x0000000096a00000, 0x0000000096b00000|  0%| F|  |TAMS 0x0000000096a00000, 0x0000000096a00000| Untracked 
|  83|0x0000000096b00000, 0x0000000096b00000, 0x0000000096c00000|  0%| F|  |TAMS 0x0000000096b00000, 0x0000000096b00000| Untracked 
|  84|0x0000000096c00000, 0x0000000096c00000, 0x0000000096d00000|  0%| F|  |TAMS 0x0000000096c00000, 0x0000000096c00000| Untracked 
|  85|0x0000000096d00000, 0x0000000096d00000, 0x0000000096e00000|  0%| F|  |TAMS 0x0000000096d00000, 0x0000000096d00000| Untracked 
|  86|0x0000000096e00000, 0x0000000096e00000, 0x0000000096f00000|  0%| F|  |TAMS 0x0000000096e00000, 0x0000000096e00000| Untracked 
|  87|0x0000000096f00000, 0x0000000096f00000, 0x0000000097000000|  0%| F|  |TAMS 0x0000000096f00000, 0x0000000096f00000| Untracked 
|  88|0x0000000097000000, 0x0000000097000000, 0x0000000097100000|  0%| F|  |TAMS 0x0000000097000000, 0x0000000097000000| Untracked 
|  89|0x0000000097100000, 0x0000000097100000, 0x0000000097200000|  0%| F|  |TAMS 0x0000000097100000, 0x0000000097100000| Untracked 
|  90|0x0000000097200000, 0x0000000097200000, 0x0000000097300000|  0%| F|  |TAMS 0x0000000097200000, 0x0000000097200000| Untracked 
|  91|0x0000000097300000, 0x0000000097300000, 0x0000000097400000|  0%| F|  |TAMS 0x0000000097300000, 0x0000000097300000| Untracked 
|  92|0x0000000097400000, 0x0000000097400000, 0x0000000097500000|  0%| F|  |TAMS 0x0000000097400000, 0x0000000097400000| Untracked 
|  93|0x0000000097500000, 0x0000000097500000, 0x0000000097600000|  0%| F|  |TAMS 0x0000000097500000, 0x0000000097500000| Untracked 
|  94|0x0000000097600000, 0x0000000097700000, 0x0000000097700000|100%| S|CS|TAMS 0x0000000097600000, 0x0000000097600000| Complete 
|  95|0x0000000097700000, 0x0000000097800000, 0x0000000097800000|100%| S|CS|TAMS 0x0000000097700000, 0x0000000097700000| Complete 
|  96|0x0000000097800000, 0x0000000097900000, 0x0000000097900000|100%| S|CS|TAMS 0x0000000097800000, 0x0000000097800000| Complete 
|  97|0x0000000097900000, 0x0000000097900000, 0x0000000097a00000|  0%| F|  |TAMS 0x0000000097900000, 0x0000000097900000| Untracked 
|  98|0x0000000097a00000, 0x0000000097a00000, 0x0000000097b00000|  0%| F|  |TAMS 0x0000000097a00000, 0x0000000097a00000| Untracked 
|  99|0x0000000097b00000, 0x0000000097b00000, 0x0000000097c00000|  0%| F|  |TAMS 0x0000000097b00000, 0x0000000097b00000| Untracked 
| 100|0x0000000097c00000, 0x0000000097c00000, 0x0000000097d00000|  0%| F|  |TAMS 0x0000000097c00000, 0x0000000097c00000| Untracked 
| 101|0x0000000097d00000, 0x0000000097d00000, 0x0000000097e00000|  0%| F|  |TAMS 0x0000000097d00000, 0x0000000097d00000| Untracked 
| 102|0x0000000097e00000, 0x0000000097e00000, 0x0000000097f00000|  0%| F|  |TAMS 0x0000000097e00000, 0x0000000097e00000| Untracked 
| 103|0x0000000097f00000, 0x0000000097f00000, 0x0000000098000000|  0%| F|  |TAMS 0x0000000097f00000, 0x0000000097f00000| Untracked 
| 104|0x0000000098000000, 0x0000000098000000, 0x0000000098100000|  0%| F|  |TAMS 0x0000000098000000, 0x0000000098000000| Untracked 
| 105|0x0000000098100000, 0x0000000098100000, 0x0000000098200000|  0%| F|  |TAMS 0x0000000098100000, 0x0000000098100000| Untracked 
| 106|0x0000000098200000, 0x0000000098200000, 0x0000000098300000|  0%| F|  |TAMS 0x0000000098200000, 0x0000000098200000| Untracked 
| 107|0x0000000098300000, 0x0000000098300000, 0x0000000098400000|  0%| F|  |TAMS 0x0000000098300000, 0x0000000098300000| Untracked 
| 108|0x0000000098400000, 0x0000000098400000, 0x0000000098500000|  0%| F|  |TAMS 0x0000000098400000, 0x0000000098400000| Untracked 
| 109|0x0000000098500000, 0x0000000098500000, 0x0000000098600000|  0%| F|  |TAMS 0x0000000098500000, 0x0000000098500000| Untracked 
| 110|0x0000000098600000, 0x0000000098600000, 0x0000000098700000|  0%| F|  |TAMS 0x0000000098600000, 0x0000000098600000| Untracked 
| 111|0x0000000098700000, 0x0000000098700000, 0x0000000098800000|  0%| F|  |TAMS 0x0000000098700000, 0x0000000098700000| Untracked 

Card table byte_map: [0x00000264f2000000,0x00000264f2380000] _byte_map_base: 0x00000264f1b74000

Marking Bits (Prev, Next): (CMBitMap*) 0x00000264ee29cb20, (CMBitMap*) 0x00000264ee29cb60
 Prev Bits: [0x00000264f2700000, 0x00000264f42a0000)
 Next Bits: [0x00000264f42a0000, 0x00000264f5e40000)

Polling page: 0x00000264ec230000

Metaspace:

Usage:
  Non-class:      4.01 MB capacity,     3.50 MB ( 87%) used,   519.63 KB ( 13%) free+waste,   256 bytes ( <1%) overhead. 
      Class:    386.00 KB capacity,   320.38 KB ( 83%) used,    65.49 KB ( 17%) free+waste,   128 bytes ( <1%) overhead. 
       Both:      4.39 MB capacity,     3.82 MB ( 87%) used,   585.12 KB ( 13%) free+waste,   384 bytes ( <1%) overhead. 

Virtual space:
  Non-class space:        8.00 MB reserved,       4.25 MB ( 53%) committed 
      Class space:        1.00 GB reserved,     512.00 KB ( <1%) committed 
             Both:        1.01 GB reserved,       4.75 MB ( <1%) committed 

Chunk freelists:
   Non-Class:  0 bytes
       Class:  0 bytes
        Both:  0 bytes

MaxMetaspaceSize: 17179869184.00 GB
CompressedClassSpaceSize: 1.00 GB

CodeHeap 'non-profiled nmethods': size=120000Kb used=80Kb max_used=80Kb free=119919Kb
 bounds [0x0000026487ad0000, 0x0000026487d40000, 0x000002648f000000]
CodeHeap 'profiled nmethods': size=120000Kb used=324Kb max_used=324Kb free=119675Kb
 bounds [0x00000264805a0000, 0x0000026480810000, 0x0000026487ad0000]
CodeHeap 'non-nmethods': size=5760Kb used=1043Kb max_used=1061Kb free=4716Kb
 bounds [0x0000026480000000, 0x0000026480270000, 0x00000264805a0000]
 total_blobs=429 nmethods=165 adapters=177
 compilation: enabled
              stopped_count=0, restarted_count=0
 full_count=0

Compilation events (20 events):
Event: 2.301 Thread 0x00000264f8d2f560 nmethod 156 0x00000264805ef310 code [0x00000264805ef4c0, 0x00000264805ef6f8]
Event: 2.301 Thread 0x00000264f8d2f560  157       3       java.nio.HeapCharBuffer::<init> (23 bytes)
Event: 2.302 Thread 0x00000264f8d2f560 nmethod 157 0x00000264805ef810 code [0x00000264805ef9c0, 0x00000264805efb28]
Event: 2.302 Thread 0x00000264f8d2f560  158       3       java.nio.CharBuffer::<init> (24 bytes)
Event: 2.302 Thread 0x00000264f8d2f560 nmethod 158 0x00000264805efc10 code [0x00000264805efdc0, 0x00000264805eff68]
Event: 2.302 Thread 0x00000264f8d2f560  159       3       java.nio.CharBuffer::limit (6 bytes)
Event: 2.302 Thread 0x00000264f8d2f560 nmethod 159 0x00000264805f0010 code [0x00000264805f01c0, 0x00000264805f0368]
Event: 2.302 Thread 0x00000264f8d2f560  160       3       java.nio.CharBuffer::limit (8 bytes)
Event: 2.303 Thread 0x00000264f8d2f560 nmethod 160 0x00000264805f0410 code [0x00000264805f05c0, 0x00000264805f0708]
Event: 2.303 Thread 0x00000264f8d2f560  161   !   3       sun.nio.cs.StreamDecoder::inReady (36 bytes)
Event: 2.303 Thread 0x00000264f8d2f560 nmethod 161 0x00000264805f0790 code [0x00000264805f0940, 0x00000264805f0d48]
Event: 2.303 Thread 0x00000264f8d2f560  162       3       java.io.FileInputStream::available (5 bytes)
Event: 2.303 Thread 0x00000264f8d2f560 nmethod 162 0x00000264805f0e90 code [0x00000264805f1040, 0x00000264805f1168]
Event: 2.385 Thread 0x00000264f8cc15b0 nmethod 153 0x0000026487ae1290 code [0x0000026487ae1540, 0x0000026487ae2708]
Event: 2.386 Thread 0x00000264f8cc15b0  149       4       java.io.BufferedReader::readLine (6 bytes)
Event: 2.388 Thread 0x00000264f8cc15b0 nmethod 149 0x0000026487ae3690 code [0x0000026487ae3820, 0x0000026487ae38a8]
Event: 2.388 Thread 0x00000264f8cc15b0  151       4       java.io.BufferedReader::ensureOpen (18 bytes)
Event: 2.391 Thread 0x00000264f8cc15b0 nmethod 151 0x0000026487ae3990 code [0x0000026487ae3b00, 0x0000026487ae3b78]
Event: 2.644 Thread 0x00000264f8cc15b0  165       4       java.nio.Buffer::position (55 bytes)
Event: 2.646 Thread 0x00000264f8cc15b0 nmethod 165 0x0000026487ae4090 code [0x0000026487ae4200, 0x0000026487ae42b8]

GC Heap History (9 events):
Event: 1.801 GC heap before
{Heap before GC invocations=0 (full 0):
 garbage-first heap   total 114688K, used 13312K [0x0000000091800000, 0x0000000100000000)
  region size 1024K, 13 young (13312K), 0 survivors (0K)
 Metaspace       used 3890K, capacity 4494K, committed 4864K, reserved 1056768K
  class space    used 320K, capacity 386K, committed 512K, reserved 1048576K
}
Event: 1.866 GC heap after
{Heap after GC invocations=1 (full 0):
 garbage-first heap   total 114688K, used 12932K [0x0000000091800000, 0x0000000100000000)
  region size 1024K, 2 young (2048K), 2 survivors (2048K)
 Metaspace       used 3890K, capacity 4494K, committed 4864K, reserved 1056768K
  class space    used 320K, capacity 386K, committed 512K, reserved 1048576K
}
Event: 1.945 GC heap before
{Heap before GC invocations=1 (full 0):
 garbage-first heap   total 114688K, used 20100K [0x0000000091800000, 0x0000000100000000)
  region size 1024K, 9 young (9216K), 2 survivors (2048K)
 Metaspace       used 3895K, capacity 4494K, committed 4864K, reserved 1056768K
  class space    used 320K, capacity 386K, committed 512K, reserved 1048576K
}
Event: 1.977 GC heap after
{Heap after GC invocations=2 (full 0):
 garbage-first heap   total 114688K, used 20480K [0x0000000091800000, 0x0000000100000000)
  region size 1024K, 2 young (2048K), 2 survivors (2048K)
 Metaspace       used 3895K, capacity 4494K, committed 4864K, reserved 1056768K
  class space    used 320K, capacity 386K, committed 512K, reserved 1048576K
}
Event: 2.248 GC heap before
{Heap before GC invocations=2 (full 0):
 garbage-first heap   total 114688K, used 30720K [0x0000000091800000, 0x0000000100000000)
  region size 1024K, 12 young (12288K), 2 survivors (2048K)
 Metaspace       used 3907K, capacity 4494K, committed 4864K, reserved 1056768K
  class space    used 320K, capacity 386K, committed 512K, reserved 1048576K
}
Event: 2.297 GC heap after
{Heap after GC invocations=3 (full 0):
 garbage-first heap   total 114688K, used 31232K [0x0000000091800000, 0x0000000100000000)
  region size 1024K, 2 young (2048K), 2 survivors (2048K)
 Metaspace       used 3907K, capacity 4494K, committed 4864K, reserved 1056768K
  class space    used 320K, capacity 386K, committed 512K, reserved 1048576K
}
Event: 2.550 GC heap before
{Heap before GC invocations=3 (full 0):
 garbage-first heap   total 114688K, used 47616K [0x0000000091800000, 0x0000000100000000)
  region size 1024K, 18 young (18432K), 2 survivors (2048K)
 Metaspace       used 3908K, capacity 4494K, committed 4864K, reserved 1056768K
  class space    used 320K, capacity 386K, committed 512K, reserved 1048576K
}
Event: 2.622 GC heap after
{Heap after GC invocations=4 (full 0):
 garbage-first heap   total 114688K, used 48128K [0x0000000091800000, 0x0000000100000000)
  region size 1024K, 3 young (3072K), 3 survivors (3072K)
 Metaspace       used 3908K, capacity 4494K, committed 4864K, reserved 1056768K
  class space    used 320K, capacity 386K, committed 512K, reserved 1048576K
}
Event: 2.743 GC heap before
{Heap before GC invocations=4 (full 0):
 garbage-first heap   total 114688K, used 63488K [0x0000000091800000, 0x0000000100000000)
  region size 1024K, 18 young (18432K), 3 survivors (3072K)
 Metaspace       used 3908K, capacity 4494K, committed 4864K, reserved 1056768K
  class space    used 320K, capacity 386K, committed 512K, reserved 1048576K
}

Deoptimization events (20 events):
Event: 2.374 Thread 0x00000264ee2614b0 DEOPT PACKING pc=0x00000264805e7517 sp=0x00000073914fec30
Event: 2.374 Thread 0x00000264ee2614b0 DEOPT UNPACKING pc=0x000002648004e23f sp=0x00000073914fe198 mode 0
Event: 2.375 Thread 0x00000264ee2614b0 DEOPT PACKING pc=0x00000264805e7517 sp=0x00000073914fec30
Event: 2.375 Thread 0x00000264ee2614b0 DEOPT UNPACKING pc=0x000002648004e23f sp=0x00000073914fe198 mode 0
Event: 2.376 Thread 0x00000264ee2614b0 DEOPT PACKING pc=0x00000264805e7517 sp=0x00000073914fec30
Event: 2.376 Thread 0x00000264ee2614b0 DEOPT UNPACKING pc=0x000002648004e23f sp=0x00000073914fe198 mode 0
Event: 2.376 Thread 0x00000264ee2614b0 DEOPT PACKING pc=0x00000264805e7517 sp=0x00000073914fec30
Event: 2.376 Thread 0x00000264ee2614b0 DEOPT UNPACKING pc=0x000002648004e23f sp=0x00000073914fe198 mode 0
Event: 2.376 Thread 0x00000264ee2614b0 DEOPT PACKING pc=0x00000264805e7517 sp=0x00000073914fec30
Event: 2.376 Thread 0x00000264ee2614b0 DEOPT UNPACKING pc=0x000002648004e23f sp=0x00000073914fe198 mode 0
Event: 2.377 Thread 0x00000264ee2614b0 DEOPT PACKING pc=0x00000264805e7377 sp=0x00000073914fec30
Event: 2.377 Thread 0x00000264ee2614b0 DEOPT UNPACKING pc=0x000002648004e23f sp=0x00000073914fe198 mode 0
Event: 2.377 Thread 0x00000264ee2614b0 DEOPT PACKING pc=0x00000264805e7517 sp=0x00000073914fec30
Event: 2.377 Thread 0x00000264ee2614b0 DEOPT UNPACKING pc=0x000002648004e23f sp=0x00000073914fe198 mode 0
Event: 2.377 Thread 0x00000264ee2614b0 DEOPT PACKING pc=0x00000264805e7517 sp=0x00000073914fec30
Event: 2.377 Thread 0x00000264ee2614b0 DEOPT UNPACKING pc=0x000002648004e23f sp=0x00000073914fe198 mode 0
Event: 2.378 Thread 0x00000264ee2614b0 DEOPT PACKING pc=0x00000264805e7377 sp=0x00000073914fec30
Event: 2.378 Thread 0x00000264ee2614b0 DEOPT UNPACKING pc=0x000002648004e23f sp=0x00000073914fe198 mode 0
Event: 2.378 Thread 0x00000264ee2614b0 DEOPT PACKING pc=0x00000264805e7517 sp=0x00000073914fec30
Event: 2.378 Thread 0x00000264ee2614b0 DEOPT UNPACKING pc=0x000002648004e23f sp=0x00000073914fe198 mode 0

Classes unloaded (0 events):
No events

Classes redefined (0 events):
No events

Internal exceptions (0 events):
No events

Events (20 events):
Event: 1.302 loading class java/nio/CharBuffer done
Event: 1.303 loading class java/nio/HeapCharBuffer
Event: 1.307 loading class java/nio/HeapCharBuffer done
Event: 1.323 loading class java/nio/charset/CoderResult
Event: 1.323 loading class java/nio/charset/CoderResult done
Event: 1.331 loading class java/util/LinkedList$Node
Event: 1.331 loading class java/util/LinkedList$Node done
Event: 1.458 Thread 0x00000264f8e6cad0 Thread added: 0x00000264f8e6cad0
Event: 1.640 Thread 0x00000264f8e6cad0 Thread exited: 0x00000264f8e6cad0
Event: 1.801 Executing VM operation: G1CollectForAllocation
Event: 1.866 Executing VM operation: G1CollectForAllocation done
Event: 1.945 Executing VM operation: G1CollectForAllocation
Event: 1.977 Executing VM operation: G1CollectForAllocation done
Event: 2.248 Executing VM operation: G1CollectForAllocation
Event: 2.297 Executing VM operation: G1CollectForAllocation done
Event: 2.297 Executing VM operation: HandshakeAllThreads
Event: 2.297 Executing VM operation: HandshakeAllThreads done
Event: 2.550 Executing VM operation: G1CollectForAllocation
Event: 2.622 Executing VM operation: G1CollectForAllocation done
Event: 2.743 Executing VM operation: G1CollectForAllocation


Dynamic libraries:
0x00007ff774070000 - 0x00007ff77407d000 	C:\Users\nicol\.p2\pool\plugins\org.eclipse.justj.openjdk.hotspot.jre.full.win32.x86_64_15.0.1.v20201027-0507\jre\bin\javaw.exe
0x00007fff507f0000 - 0x00007fff509e5000 	C:\WINDOWS\SYSTEM32\ntdll.dll
0x00007fff4f5f0000 - 0x00007fff4f6ad000 	C:\WINDOWS\System32\KERNEL32.DLL
0x00007fff4e2d0000 - 0x00007fff4e599000 	C:\WINDOWS\System32\KERNELBASE.dll
0x00007fff4df60000 - 0x00007fff4e060000 	C:\WINDOWS\System32\ucrtbase.dll
0x00007fff48ed0000 - 0x00007fff48ee8000 	C:\Users\nicol\.p2\pool\plugins\org.eclipse.justj.openjdk.hotspot.jre.full.win32.x86_64_15.0.1.v20201027-0507\jre\bin\jli.dll
0x00007fff50300000 - 0x00007fff504a0000 	C:\WINDOWS\System32\USER32.dll
0x00007fff4e700000 - 0x00007fff4e722000 	C:\WINDOWS\System32\win32u.dll
0x00007fff4e8e0000 - 0x00007fff4e90a000 	C:\WINDOWS\System32\GDI32.dll
0x00007fff4e1c0000 - 0x00007fff4e2cb000 	C:\WINDOWS\System32\gdi32full.dll
0x00007fff4e7b0000 - 0x00007fff4e84d000 	C:\WINDOWS\System32\msvcp_win.dll
0x00007fff48f00000 - 0x00007fff48f19000 	C:\Users\nicol\.p2\pool\plugins\org.eclipse.justj.openjdk.hotspot.jre.full.win32.x86_64_15.0.1.v20201027-0507\jre\bin\VCRUNTIME140.dll
0x00007fff396a0000 - 0x00007fff3993a000 	C:\WINDOWS\WinSxS\amd64_microsoft.windows.common-controls_6595b64144ccf1df_6.0.19041.844_none_ca00b6081b84eb1d\COMCTL32.dll
0x00007fff50100000 - 0x00007fff5019e000 	C:\WINDOWS\System32\msvcrt.dll
0x00007fff4f2a0000 - 0x00007fff4f2d0000 	C:\WINDOWS\System32\IMM32.DLL
0x00007fff49b10000 - 0x00007fff49b1c000 	C:\Users\nicol\.p2\pool\plugins\org.eclipse.justj.openjdk.hotspot.jre.full.win32.x86_64_15.0.1.v20201027-0507\jre\bin\vcruntime140_1.dll
0x00007fff139f0000 - 0x00007fff13a81000 	C:\Users\nicol\.p2\pool\plugins\org.eclipse.justj.openjdk.hotspot.jre.full.win32.x86_64_15.0.1.v20201027-0507\jre\bin\msvcp140.dll
0x00007fff0d850000 - 0x00007fff0e3ae000 	C:\Users\nicol\.p2\pool\plugins\org.eclipse.justj.openjdk.hotspot.jre.full.win32.x86_64_15.0.1.v20201027-0507\jre\bin\server\jvm.dll
0x00007fff501a0000 - 0x00007fff5024c000 	C:\WINDOWS\System32\ADVAPI32.dll
0x00007fff4ed90000 - 0x00007fff4ee2c000 	C:\WINDOWS\System32\sechost.dll
0x00007fff50610000 - 0x00007fff5073b000 	C:\WINDOWS\System32\RPCRT4.dll
0x00007fff4fec0000 - 0x00007fff4fec8000 	C:\WINDOWS\System32\PSAPI.DLL
0x00007fff49b50000 - 0x00007fff49b59000 	C:\WINDOWS\SYSTEM32\WSOCK32.dll
0x00007fff50740000 - 0x00007fff507ab000 	C:\WINDOWS\System32\WS2_32.dll
0x00007fff44780000 - 0x00007fff447a7000 	C:\WINDOWS\SYSTEM32\WINMM.dll
0x00007fff46890000 - 0x00007fff4689a000 	C:\WINDOWS\SYSTEM32\VERSION.dll
0x00007fff4be90000 - 0x00007fff4bea2000 	C:\WINDOWS\SYSTEM32\kernel.appcore.dll
0x00007fff49b30000 - 0x00007fff49b3a000 	C:\Users\nicol\.p2\pool\plugins\org.eclipse.justj.openjdk.hotspot.jre.full.win32.x86_64_15.0.1.v20201027-0507\jre\bin\jimage.dll
0x00007fff40aa0000 - 0x00007fff40c84000 	C:\WINDOWS\SYSTEM32\DBGHELP.DLL
0x00007fff409b0000 - 0x00007fff409dc000 	C:\WINDOWS\SYSTEM32\dbgcore.DLL
0x00007fff4e730000 - 0x00007fff4e7b0000 	C:\WINDOWS\System32\bcryptPrimitives.dll
0x00007fff34800000 - 0x00007fff34825000 	C:\Users\nicol\.p2\pool\plugins\org.eclipse.justj.openjdk.hotspot.jre.full.win32.x86_64_15.0.1.v20201027-0507\jre\bin\java.dll
0x00007fff48e90000 - 0x00007fff48ea8000 	C:\Users\nicol\.p2\pool\plugins\org.eclipse.justj.openjdk.hotspot.jre.full.win32.x86_64_15.0.1.v20201027-0507\jre\bin\zip.dll
0x00007fff4f710000 - 0x00007fff4fe52000 	C:\WINDOWS\System32\SHELL32.dll
0x00007fff4c090000 - 0x00007fff4c820000 	C:\WINDOWS\SYSTEM32\windows.storage.dll
0x00007fff4e910000 - 0x00007fff4ec65000 	C:\WINDOWS\System32\combase.dll
0x00007fff4d8d0000 - 0x00007fff4d8fc000 	C:\WINDOWS\SYSTEM32\Wldp.dll
0x00007fff4f330000 - 0x00007fff4f3de000 	C:\WINDOWS\System32\SHCORE.dll
0x00007fff4f6b0000 - 0x00007fff4f705000 	C:\WINDOWS\System32\shlwapi.dll
0x00007fff4de70000 - 0x00007fff4de8f000 	C:\WINDOWS\SYSTEM32\profapi.dll

dbghelp: loaded successfully - version: 4.0.5 - missing functions: none
symbol engine: initialized successfully - sym options: 0x614 - pdb path: .;C:\Users\nicol\.p2\pool\plugins\org.eclipse.justj.openjdk.hotspot.jre.full.win32.x86_64_15.0.1.v20201027-0507\jre\bin;C:\WINDOWS\SYSTEM32;C:\WINDOWS\WinSxS\amd64_microsoft.windows.common-controls_6595b64144ccf1df_6.0.19041.844_none_ca00b6081b84eb1d;C:\Users\nicol\.p2\pool\plugins\org.eclipse.justj.openjdk.hotspot.jre.full.win32.x86_64_15.0.1.v20201027-0507\jre\bin\server

VM Arguments:
jvm_args: -Dfile.encoding=UTF-8 -XX:+ShowCodeDetailsInExceptionMessages 
java_command: it.polito.tdp.spellchecker.model.TestSpell
java_class_path (initial): C:\Users\nicol\git\Lab03_nuovo\Lab03_SpellChecker\target\classes;C:\Users\nicol\.m2\repository\org\openjfx\javafx-controls\11\javafx-controls-11.jar;C:\Users\nicol\.m2\repository\org\openjfx\javafx-controls\11\javafx-controls-11-win.jar;C:\Users\nicol\.m2\repository\org\openjfx\javafx-graphics\11\javafx-graphics-11.jar;C:\Users\nicol\.m2\repository\org\openjfx\javafx-graphics\11\javafx-graphics-11-win.jar;C:\Users\nicol\.m2\repository\org\openjfx\javafx-base\11\javafx-base-11.jar;C:\Users\nicol\.m2\repository\org\openjfx\javafx-base\11\javafx-base-11-win.jar;C:\Users\nicol\.m2\repository\org\openjfx\javafx-fxml\11\javafx-fxml-11.jar;C:\Users\nicol\.m2\repository\org\openjfx\javafx-fxml\11\javafx-fxml-11-win.jar;C:\Users\nicol\.m2\repository\com\zaxxer\HikariCP\3.4.2\HikariCP-3.4.2.jar;C:\Users\nicol\.m2\repository\org\jgrapht\jgrapht-core\1.4.0\jgrapht-core-1.4.0.jar;C:\Users\nicol\.m2\repository\org\jheaps\jheaps\0.11\jheaps-0.11.jar;C:\Users\nicol\.m2\repository\org\mariadb\jdbc\mariadb-java-client\2.5.4\mariadb-java-client-2.5.4.jar;C:\Users\nicol\.m2\repository\org\slf4j\slf4j-api\1.7.30\slf4j-api-1.7.30.jar
Launcher Type: SUN_STANDARD

[Global flags]
     intx CICompilerCount                          = 3                                         {product} {ergonomic}
     uint ConcGCThreads                            = 1                                         {product} {ergonomic}
     uint G1ConcRefinementThreads                  = 4                                         {product} {ergonomic}
   size_t G1HeapRegionSize                         = 1048576                                   {product} {ergonomic}
    uintx GCDrainStackTargetSize                   = 64                                        {product} {ergonomic}
   size_t InitialHeapSize                          = 117440512                                 {product} {ergonomic}
   size_t MarkStackSize                            = 4194304                                   {product} {ergonomic}
   size_t MaxHeapSize                              = 1853882368                                {product} {ergonomic}
   size_t MaxNewSize                               = 1111490560                                {product} {ergonomic}
   size_t MinHeapDeltaBytes                        = 1048576                                   {product} {ergonomic}
   size_t MinHeapSize                              = 8388608                                   {product} {ergonomic}
    uintx NonNMethodCodeHeapSize                   = 5832780                                {pd product} {ergonomic}
    uintx NonProfiledCodeHeapSize                  = 122912730                              {pd product} {ergonomic}
    uintx ProfiledCodeHeapSize                     = 122912730                              {pd product} {ergonomic}
    uintx ReservedCodeCacheSize                    = 251658240                              {pd product} {ergonomic}
     bool SegmentedCodeCache                       = true                                      {product} {ergonomic}
     bool ShowCodeDetailsInExceptionMessages       = true                                   {manageable} {command line}
   size_t SoftMaxHeapSize                          = 1853882368                             {manageable} {ergonomic}
     bool UseCompressedClassPointers               = true                                 {lp64_product} {ergonomic}
     bool UseCompressedOops                        = true                                 {lp64_product} {ergonomic}
     bool UseG1GC                                  = true                                      {product} {ergonomic}
     bool UseLargePagesIndividualAllocation        = false                                  {pd product} {ergonomic}

Logging:
Log output configuration:
 #0: stdout all=warning uptime,level,tags
 #1: stderr all=off uptime,level,tags

Environment Variables:
PATH=C:/Users/nicol/.p2/pool/plugins/org.eclipse.justj.openjdk.hotspot.jre.full.win32.x86_64_15.0.1.v20201027-0507/jre/bin/server;C:/Users/nicol/.p2/pool/plugins/org.eclipse.justj.openjdk.hotspot.jre.full.win32.x86_64_15.0.1.v20201027-0507/jre/bin;C:\Program Files\AdoptOpenJDK\jdk-11.0.10.9-hotspot\bin;C:\Program Files (x86)\Common Files\Oracle\Java\javapath;C:\Program Files\Common Files\Oracle\Java\javapath;C:\Program Files\Python37\Scripts\;C:\Program Files\Python37\;C:\WINDOWS\system32;C:\WINDOWS;C:\WINDOWS\System32\Wbem;C:\WINDOWS\System32\WindowsPowerShell\v1.0\;C:\WINDOWS\System32\OpenSSH\;C:\Users\nicol\Anaconda3;C:\Users\nicol\Anaconda3\Library\mingw-w64\bin;C:\Users\nicol\Anaconda3\Library\usr\bin;C:\Users\nicol\Anaconda3\Library\bin;C:\Users\nicol\Anaconda3\Scripts;C:\Users\nicol\AppData\Local\Microsoft\WindowsApps;;C:\Users\nicol\OneDrive\Desktop;
USERNAME=nicol
OS=Windows_NT
PROCESSOR_IDENTIFIER=AMD64 Family 23 Model 17 Stepping 0, AuthenticAMD



---------------  S Y S T E M  ---------------

OS:
 Windows 10 , 64 bit Build 19041 (10.0.19041.804)
OS uptime: 5 days 2:55 hours

CPU: total 4 (initial active 4) (4 cores per cpu, 2 threads per core) family 23 model 17 stepping 0 microcode 0x0, cmov, cx8, fxsr, mmx, sse, sse2, sse3, ssse3, sse4.1, sse4.2, popcnt, vzeroupper, avx, avx2, aes, clmul, 3dnowpref, lzcnt, sse4a, ht, tsc, tscinvbit, tscinv, bmi1, bmi2, adx, sha, fma, clflush, clflushopt

Memory: 4k page, system-wide physical 7068M (504M free)
TotalPageFile size 17229M (AvailPageFile size 101M)
current process WorkingSet (physical memory assigned to process): 111M, peak: 111M
current process commit charge ("private bytes"): 181M, peak: 293M

vm_info: OpenJDK 64-Bit Server VM (15.0.1+9-18) for windows-amd64 JRE (15.0.1+9-18), built on Sep 15 2020 14:39:31 by "mach5one" with unknown MS VC++:1925

END.
